2021-05-23 00:25:22 INFO  LoginServlet - Successful login = taras
2021-05-23 00:50:56 INFO  LoginServlet - Successful login = expert
2021-05-23 00:51:51 INFO  LoginServlet - Successful login = expert
2021-05-23 00:52:46 INFO  LoginServlet - Successful login = expert
2021-05-23 00:53:33 INFO  LoginServlet - Successful login = expert
2021-05-23 00:54:41 INFO  LoginServlet - Successful login = expert
2021-05-23 00:56:59 INFO  LoginServlet - Successful login = expert
2021-05-23 01:02:12 INFO  LoginServlet - Successful login = taras
2021-05-23 01:02:27 INFO  LoginServlet - Successful login = expert
2021-05-23 01:08:12 INFO  AuthorizationFilter - Attempt to access the page without the appropriate rights
2021-05-23 01:08:22 INFO  AuthorizationFilter - Attempt to access the page without the appropriate rights
2021-05-23 01:08:23 ERROR GoodsDao - Saving goods SQL error
2021-05-23 01:08:26 INFO  AuthorizationFilter - Attempt to access the page without the appropriate rights
2021-05-23 01:08:26 ERROR GoodsDao - Saving goods SQL error
2021-05-23 01:08:39 INFO  AuthorizationFilter - Attempt to access the page without the appropriate rights
2021-05-23 01:08:42 INFO  LoginServlet - Successful login = expert
2021-05-23 02:54:20 INFO  LoginServlet - Successful login = expert
2021-05-23 02:55:17 INFO  LoginServlet - Successful login = taras
2021-05-23 02:56:03 INFO  LoginServlet - Unsuccessful login = expert
2021-05-23 02:56:10 INFO  LoginServlet - Successful login = cashier
2021-05-23 02:56:19 INFO  LoginServlet - Successful login = cashier
2021-05-23 02:56:53 INFO  LoginServlet - Successful login = scashier
2021-05-23 02:57:48 INFO  LoginServlet - Successful login = taras
2021-05-23 02:57:56 INFO  LoginServlet - Successful login = scashier
2021-05-23 02:58:07 INFO  LoginServlet - Successful login = taras
2021-05-23 02:58:20 INFO  LoginServlet - Successful login = scashier
2021-05-23 03:01:13 INFO  LoginServlet - Unsuccessful login = expert
2021-05-23 03:01:17 INFO  LoginServlet - Successful login = expert
2021-05-23 09:00:16 INFO  LoginServlet - Successful login = taras
2021-05-23 09:01:01 INFO  LoginServlet - Successful login = expert
2021-05-23 09:02:38 INFO  LoginServlet - Successful login = taras
2021-05-23 09:03:05 INFO  LoginServlet - Successful login = cashier
2021-05-23 09:24:49 INFO  LoginServlet - Successful login = taras
2021-05-23 09:24:59 INFO  LoginServlet - Successful login = cashier
2021-05-23 09:25:04 INFO  LoginServlet - Successful login = scashier
2021-05-23 10:23:52 INFO  LoginServlet - Successful login = taras
2021-05-23 12:23:57 INFO  LoginServlet - Successful login = taras
2021-05-23 12:23:57 INFO  LoginServlet - Successful login = taras
2021-05-23 12:26:11 INFO  LoginServlet - Successful login = taras
2021-05-23 12:35:34 INFO  LoginServlet - Successful login = expert
2021-05-23 13:37:18 INFO  LoginServlet - Successful login = taras
2021-05-23 14:16:10 INFO  LoginServlet - Successful login = taras
2021-05-23 14:27:24 INFO  LoginServlet - Successful login = taras
2021-05-23 14:34:18 INFO  LoginServlet - Successful login = expert
2021-05-23 14:41:59 INFO  LoginServlet - Successful login = expert
2021-05-23 14:42:31 INFO  LoginServlet - Successful login = expert
2021-05-23 14:45:19 INFO  LoginServlet - Successful login = expert
2021-05-23 14:45:27 INFO  LoginServlet - Successful login = expert
2021-05-23 14:45:52 INFO  LoginServlet - Unsuccessful login = 4
2021-05-23 14:46:26 INFO  LoginServlet - Successful login = taras
2021-05-23 14:46:48 INFO  LoginServlet - Unsuccessful login = taras
2021-05-23 14:47:53 INFO  LoginServlet - Unsuccessful login = expert
2021-05-23 14:47:57 INFO  LoginServlet - Successful login = expert
2021-05-23 14:48:04 INFO  LoginServlet - Successful login = expert
2021-05-23 14:52:04 INFO  LoginServlet - Unsuccessful login = expert
2021-05-23 14:52:09 INFO  LoginServlet - Successful login = expert
2021-05-23 14:56:47 INFO  LoginServlet - Successful login = taras
2021-05-23 15:01:59 INFO  LoginServlet - Successful login = taras
2021-05-23 15:04:42 INFO  LoginServlet - Successful login = taras
2021-05-23 15:08:05 INFO  LoginServlet - Unsuccessful login = taras
2021-05-23 15:08:11 INFO  LoginServlet - Successful login = taras
2021-05-23 15:08:23 INFO  LoginServlet - Successful login = taras
2021-05-23 15:09:58 INFO  LoginServlet - Successful login = scashier
2021-05-23 15:14:17 INFO  LoginServlet - Successful login = taras
2021-05-23 15:14:24 INFO  LoginServlet - Successful login = scashier
2021-05-23 15:16:31 INFO  LoginServlet - Unsuccessful login = scashier
2021-05-23 15:16:36 INFO  LoginServlet - Successful login = scashier
2021-05-23 15:19:49 INFO  LoginServlet - Successful login = scashier
2021-05-23 15:20:47 INFO  LoginServlet - Successful login = scashier
2021-05-23 15:21:09 INFO  LoginServlet - Successful login = scashier
2021-05-23 15:33:09 INFO  LoginServlet - Successful login = taras
2021-05-23 15:33:36 INFO  LoginServlet - Successful login = expert
2021-05-23 15:34:01 INFO  LoginServlet - Successful login = scashier
2021-05-23 15:34:31 INFO  LoginServlet - Successful login = scashier
2021-05-23 15:42:14 INFO  LoginServlet - Successful login = scashier
2021-05-23 15:42:22 INFO  LoginServlet - Unsuccessful login = scashier
2021-05-23 15:42:27 INFO  LoginServlet - Successful login = scashier
2021-05-23 15:42:37 INFO  LoginServlet - Unsuccessful login = taras
2021-05-23 15:42:40 INFO  LoginServlet - Unsuccessful login = expert
2021-05-23 15:42:43 INFO  LoginServlet - Successful login = expert
2021-05-23 15:47:30 ERROR UserDao - Checking user login SQL error
2021-05-23 15:47:30 ERROR UserDao - Getting userName by id SQL error
2021-05-23 15:47:30 ERROR UserDao - Getting all users SQL error
2021-05-23 16:06:55 INFO  LoginServlet - Successful login = taras
2021-05-23 16:07:46 INFO  LoginServlet - Successful login = scashier
2021-05-23 16:07:59 INFO  LoginServlet - Successful login = expert
2021-05-23 16:08:27 INFO  LoginServlet - Successful login = expert
2021-05-23 16:09:07 INFO  LoginServlet - Successful login = taras
2021-05-23 16:09:21 INFO  LoginServlet - Successful login = expert
2021-05-23 16:09:31 ERROR GoodsDao - Saving goods SQL error
2021-05-23 16:15:49 INFO  LoginServlet - Unsuccessful login = expert
2021-05-23 16:15:54 INFO  LoginServlet - Successful login = expert
2021-05-23 16:16:27 ERROR GoodsDao - Saving goods SQL error
2021-05-23 16:16:27 ERROR GoodsDao - Saving goods SQL error
2021-05-23 16:16:35 ERROR GoodsDao - Saving goods SQL error
2021-05-23 16:17:12 ERROR GoodsDao - Saving goods SQL error
2021-05-23 16:17:51 INFO  LoginServlet - Successful login = taras
2021-05-23 16:17:58 INFO  LoginServlet - Successful login = expert
2021-05-23 16:18:05 ERROR GoodsDao - Saving goods SQL error
2021-05-23 16:19:29 INFO  LoginServlet - Successful login = expert
2021-05-23 16:19:51 ERROR GoodsDao - Saving goods SQL error
2021-05-23 16:20:53 INFO  LoginServlet - Successful login = expert
2021-05-23 16:21:34 ERROR GoodsDao - Saving goods SQL error
2021-05-23 16:23:03 INFO  LoginServlet - Successful login = expert
2021-05-23 16:23:10 ERROR GoodsDao - Saving goods SQL error
2021-05-23 16:23:54 INFO  LoginServlet - Successful login = expert
2021-05-23 16:23:59 ERROR GoodsDao - Saving goods SQL error
2021-05-23 16:25:02 INFO  LoginServlet - Successful login = expert
2021-05-23 16:25:07 ERROR GoodsDao - Saving goods SQL error
2021-05-23 16:26:31 INFO  LoginServlet - Successful login = expert
2021-05-23 16:26:36 ERROR GoodsDao - Saving goods SQL error
2021-05-23 16:27:40 INFO  LoginServlet - Successful login = expert
2021-05-23 16:27:45 ERROR GoodsDao - Saving goods SQL error
2021-05-23 16:28:44 INFO  LoginServlet - Successful login = expert
2021-05-23 16:28:56 ERROR GoodsDao - Updating goods SQL error
2021-05-23 16:29:15 INFO  LoginServlet - Successful login = cashier
2021-05-23 16:29:27 INFO  LoginServlet - Successful login = scashier
2021-05-23 16:29:42 INFO  LoginServlet - Successful login = scashier
2021-05-23 16:30:01 INFO  LoginServlet - Successful login = scashier
2021-05-23 16:30:07 INFO  LoginServlet - Successful login = taras
2021-05-23 16:30:31 INFO  LoginServlet - Successful login = scashier
2021-05-23 16:30:51 INFO  LoginServlet - Successful login = expert
2021-05-23 16:30:59 INFO  LoginServlet - Successful login = cashier
2021-05-23 16:31:09 INFO  LoginServlet - Successful login = cashier
2021-05-23 16:37:46 INFO  LoginServlet - Successful login = expert
2021-05-23 16:38:48 INFO  LoginServlet - Unsuccessful login = expert
2021-05-23 16:38:54 INFO  LoginServlet - Successful login = expert
2021-05-23 16:39:13 INFO  LoginServlet - Successful login = taras
2021-05-23 16:39:39 INFO  LoginServlet - Successful login = cashier
2021-05-23 16:40:00 INFO  LoginServlet - Successful login = scashier
2021-05-23 16:40:56 INFO  LoginServlet - Successful login = scashier
2021-05-23 16:41:16 INFO  LoginServlet - Successful login = expert
2021-05-23 17:29:51 INFO  LoginServlet - Unsuccessful login = expert
2021-05-23 17:29:56 INFO  LoginServlet - Successful login = expert
2021-05-23 17:30:08 INFO  LoginServlet - Successful login = cashier
2021-05-23 17:30:39 INFO  LoginServlet - Successful login = scashier
2021-05-23 17:41:52 INFO  LoginServlet - Successful login = expert
2021-05-23 17:42:07 ERROR GoodsDao - Saving goods SQL error
2021-05-23 17:42:24 INFO  LoginServlet - Successful login = cashier
2021-05-23 17:42:48 INFO  LoginServlet - Successful login = scashier
